<?xml version="1.0" encoding="UTF-8"?><testsuite failures="0" name="cucumber.runtime.formatter.JUnitFormatter" skipped="0" tests="2" time="38.838997">
<testcase classname="Check sign in" name="User should be able to sign in with valid credentials 2" time="14.763007">
<system-out><![CDATA[Given I open main page......................................................passed
And I try to sign in........................................................passed
And I try to sign in with google............................................passed
When I provide the default email for log in.................................passed
And I try to go to enter password...........................................passed
And I provide the default password for log in...............................passed
And I try to finish sign in with google.....................................passed
Then I should see user name.................................................passed
]]></system-out>
</testcase>
<testcase classname="Check sign in" name="User should not be able to sign in with not valid credentials 2" time="24.07599">
<system-out><![CDATA[Given I open main page......................................................passed
And I try to sign in........................................................passed
And I try to sign in with google............................................passed
When I provide unrelated email for log in...................................passed
And I try to go to enter password...........................................passed
Then I should see error message.............................................passed
When I again open main page.................................................passed
Then I should not see user name.............................................passed
But I should be able to try sign in.........................................passed
]]></system-out>
</testcase>
</testsuite>
